<?xml version="1.0" encoding="UTF-8"?>
<!-- Generated by org.testng.reporters.JUnitReportReporter -->
<testsuite hostname="Bharath-Vepanjeri" failures="0" tests="5" name="com.testNG.DataProvider2Test" time="0.021" errors="0" timestamp="2021-12-24T10:10:15 IST" skipped="0">
  <testcase classname="com.testNG.DataProvider2Test" name="dataProviderTest" time="0.002"/>
  <system-out/>
  <testcase classname="com.testNG.DataProvider2Test" name="dataProviderTest" time="0.012"/>
  <system-out/>
  <testcase classname="com.testNG.DataProvider2Test" name="dataProviderTest" time="0.002"/>
  <system-out/>
  <testcase classname="com.testNG.DataProvider2Test" name="dataProviderTest" time="0.003"/>
  <system-out/>
  <testcase classname="com.testNG.DataProvider2Test" name="dataProviderTest" time="0.002"/>
  <system-out/>
</testsuite> <!-- com.testNG.DataProvider2Test -->
