<?xml version="1.0" encoding="UTF-8"?>
<!-- Generated by org.testng.reporters.JUnitReportReporter -->
<testsuite hostname="Bharath-Vepanjeri" failures="0" tests="3" name="com.testNG.DataProviderTest" time="0.016" errors="0" timestamp="2021-12-24T09:58:36 IST" skipped="0">
  <testcase classname="com.testNG.DataProviderTest" name="dataProviderTest" time="0.003"/>
  <system-out/>
  <testcase classname="com.testNG.DataProviderTest" name="dataProviderTest" time="0.010"/>
  <system-out/>
  <testcase classname="com.testNG.DataProviderTest" name="dataProviderTest" time="0.003"/>
  <system-out/>
</testsuite> <!-- com.testNG.DataProviderTest -->
