<?xml version="1.0" encoding="UTF-8"?>
<!-- Generated by org.testng.reporters.JUnitReportReporter -->
<testsuite hostname="Bharath-Vepanjeri" failures="0" tests="3" name="Practice.DataProviderTest" time="0.048" errors="0" timestamp="2021-12-24T09:56:46 IST" skipped="0">
  <testcase classname="Practice.DataProviderTest" name="dataProviderTest" time="0.019"/>
  <system-out/>
  <testcase classname="Practice.DataProviderTest" name="dataProviderTest" time="0.024"/>
  <system-out/>
  <testcase classname="Practice.DataProviderTest" name="dataProviderTest" time="0.005"/>
  <system-out/>
</testsuite> <!-- Practice.DataProviderTest -->
